This is pdfTeX, Version 3.14159265-2.6-1.40.19 (MiKTeX 2.9.6930) (preloaded format=pdflatex 2019.3.9)  13 MAY 2019 23:33
entering extended mode
**c:/Users/felipe/OneDrive/Pesquisa/Doutorado/Disciplinas/dataVis/VisReleasy/vi
z_releasy.tex

(c:/Users/felipe/OneDrive/Pesquisa/Doutorado/Disciplinas/dataVis/VisReleasy/viz
_releasy.tex
LaTeX2e <2018-12-01>

(C:\Users\felipe\scoop\apps\latex\current\texmfs\install\tex/latex/base\article
.cls
Document Class: article 2018/09/03 v1.4i Standard LaTeX document class

(C:\Users\felipe\scoop\apps\latex\current\texmfs\install\tex/latex/base\size10.
clo
File: size10.clo 2018/09/03 v1.4i Standard LaTeX file (size option)
)
\c@part=\count80
\c@section=\count81
\c@subsection=\count82
\c@subsubsection=\count83
\c@paragraph=\count84
\c@subparagraph=\count85
\c@figure=\count86
\c@table=\count87
\abovecaptionskip=\skip41
\belowcaptionskip=\skip42
\bibindent=\dimen102
) (viz_releasy.aux)
\openout1 = `viz_releasy.aux'.

LaTeX Font Info:    Checking defaults for OML/cmm/m/it on input line 2.
LaTeX Font Info:    ... okay on input line 2.
LaTeX Font Info:    Checking defaults for T1/cmr/m/n on input line 2.
LaTeX Font Info:    ... okay on input line 2.
LaTeX Font Info:    Checking defaults for OT1/cmr/m/n on input line 2.
LaTeX Font Info:    ... okay on input line 2.
LaTeX Font Info:    Checking defaults for OMS/cmsy/m/n on input line 2.
LaTeX Font Info:    ... okay on input line 2.
LaTeX Font Info:    Checking defaults for OMX/cmex/m/n on input line 2.
LaTeX Font Info:    ... okay on input line 2.
LaTeX Font Info:    Checking defaults for U/cmr/m/n on input line 2.
LaTeX Font Info:    ... okay on input line 2.
 [1

{C:/Users/felipe/scoop/apps/latex/current/texmfs/data/pdftex/config/pdftex.map}
] (viz_releasy.aux) ) 
Here is how much of TeX's memory you used:
 209 strings out of 494846
 2817 string characters out of 3176573
 56487 words of memory out of 3000000
 3943 multiletter control sequences out of 15000+200000
 4245 words of font info for 16 fonts, out of 3000000 for 9000
 14 hyphenation exceptions out of 8191
 23i,4n,18p,463b,107s stack positions out of 5000i,500n,10000p,200000b,50000s
<C:/Users/felipe/scoop/apps/latex/current/texmfs/install/f
onts/type1/public/amsfonts/cm/cmbx12.pfb><C:/Users/felipe/scoop/apps/latex/curr
ent/texmfs/install/fonts/type1/public/amsfonts/cm/cmr10.pfb>
Output written on viz_releasy.pdf (1 page, 28526 bytes).
PDF statistics:
 14 PDF objects out of 1000 (max. 8388607)
 0 named destinations out of 1000 (max. 500000)
 1 words of extra memory for PDF output out of 10000 (max. 10000000)

